<?xml version="1.0" encoding="UTF-8"?>
<testng-results ignored="0" total="2" passed="2" failed="0" skipped="0">
  <reporter-output>
  </reporter-output>
  <suite started-at="2022-01-25T22:15:04 IST" name="Suite" finished-at="2022-01-25T22:15:04 IST" duration-ms="45">
    <groups>
    </groups>
    <test started-at="2022-01-25T22:15:04 IST" name="Test" finished-at="2022-01-25T22:15:04 IST" duration-ms="45">
      <class name="BasicAnnotations.Parameterization_XML">
        <test-method signature="Login(java.lang.String,java.lang.String)[pri:0, instance:BasicAnnotations.Parameterization_XML@41c2284a]" started-at="2022-01-25T22:15:04 IST" name="Login" finished-at="2022-01-25T22:15:04 IST" duration-ms="6" status="PASS">
          <params>
            <param index="0">
              <value>
                <![CDATA[Weclome]]>
              </value>
            </param>
            <param index="1">
              <value>
                <![CDATA[To Hyderabad]]>
              </value>
            </param>
          </params>
          <reporter-output>
          </reporter-output>
        </test-method> <!-- Login -->
        <test-method signature="Logout()[pri:0, instance:BasicAnnotations.Parameterization_XML@41c2284a]" started-at="2022-01-25T22:15:04 IST" name="Logout" finished-at="2022-01-25T22:15:04 IST" duration-ms="0" status="PASS">
          <reporter-output>
          </reporter-output>
        </test-method> <!-- Logout -->
      </class> <!-- BasicAnnotations.Parameterization_XML -->
    </test> <!-- Test -->
  </suite> <!-- Suite -->
</testng-results>
